  DiscoPolyVestSrc.cpp
C:\Users\TD\source\repos\DiscoPolyTexVest\DiscoPolyTexVest\DiscoPolyVestSrc.cpp(22,17): warning C4244: 'initializing': conversion from 'double' to 'int', possible loss of data
C:\Users\TD\source\repos\DiscoPolyTexVest\DiscoPolyTexVest\DiscoPolyVestSrc.cpp(23,11): warning C4244: 'initializing': conversion from 'double' to 'int', possible loss of data
C:\Users\TD\source\repos\DiscoPolyTexVest\DiscoPolyTexVest\DiscoPolyVestSrc.cpp(58,54): warning C4554: '^': check operator precedence for possible error; use parentheses to clarify precedence
C:\Users\TD\source\repos\DiscoPolyTexVest\DiscoPolyTexVest\DiscoPolyVestSrc.cpp(179,36): warning C4305: 'argument': truncation from 'double' to 'GLclampf'
C:\Users\TD\source\repos\DiscoPolyTexVest\DiscoPolyTexVest\DiscoPolyVestSrc.cpp(212,43): warning C4305: '=': truncation from 'double' to 'float'
C:\Users\TD\source\repos\DiscoPolyTexVest\DiscoPolyTexVest\DiscoPolyVestSrc.cpp(225,43): warning C4305: '=': truncation from 'double' to 'float'
C:\Users\TD\source\repos\DiscoPolyTexVest\DiscoPolyTexVest\DiscoPolyVestSrc.cpp(237,43): warning C4305: '=': truncation from 'double' to 'float'
C:\Users\TD\source\repos\DiscoPolyTexVest\DiscoPolyTexVest\DiscoPolyVestSrc.cpp(249,43): warning C4305: '=': truncation from 'double' to 'float'
C:\Users\TD\source\repos\DiscoPolyTexVest\DiscoPolyTexVest\DiscoPolyVestSrc.cpp(259,43): warning C4305: '=': truncation from 'double' to 'float'
C:\Users\TD\source\repos\DiscoPolyTexVest\DiscoPolyTexVest\DiscoPolyVestSrc.cpp(269,43): warning C4305: '=': truncation from 'double' to 'float'
C:\Users\TD\source\repos\DiscoPolyTexVest\DiscoPolyTexVest\DiscoPolyVestSrc.cpp(274,50): warning C4305: '=': truncation from 'double' to 'float'
C:\Users\TD\source\repos\DiscoPolyTexVest\DiscoPolyTexVest\DiscoPolyVestSrc.cpp(278,51): warning C4305: '=': truncation from 'double' to 'float'
C:\Users\TD\source\repos\DiscoPolyTexVest\DiscoPolyTexVest\DiscoPolyVestSrc.cpp(329,53): warning C4305: '=': truncation from 'double' to 'float'
C:\Users\TD\source\repos\DiscoPolyTexVest\DiscoPolyTexVest\DiscoPolyVestSrc.cpp(330,54): warning C4305: '=': truncation from 'double' to 'float'
C:\Users\TD\source\repos\DiscoPolyTexVest\DiscoPolyTexVest\DiscoPolyVestSrc.cpp(331,56): warning C4305: '=': truncation from 'double' to 'float'
C:\Users\TD\source\repos\DiscoPolyTexVest\DiscoPolyTexVest\DiscoPolyVestSrc.cpp(332,54): warning C4305: '=': truncation from 'double' to 'float'
C:\Users\TD\source\repos\DiscoPolyTexVest\DiscoPolyTexVest\DiscoPolyVestSrc.cpp(333,55): warning C4305: '=': truncation from 'double' to 'float'
C:\Users\TD\source\repos\DiscoPolyTexVest\DiscoPolyTexVest\DiscoPolyVestSrc.cpp(335,45): warning C4305: '=': truncation from 'double' to 'float'
C:\Users\TD\source\repos\DiscoPolyTexVest\DiscoPolyTexVest\DiscoPolyVestSrc.cpp(341,54): warning C4305: '=': truncation from 'double' to 'float'
C:\Users\TD\source\repos\DiscoPolyTexVest\DiscoPolyTexVest\DiscoPolyVestSrc.cpp(342,55): warning C4305: '=': truncation from 'double' to 'float'
C:\Users\TD\source\repos\DiscoPolyTexVest\DiscoPolyTexVest\DiscoPolyVestSrc.cpp(343,57): warning C4305: '=': truncation from 'double' to 'float'
C:\Users\TD\source\repos\DiscoPolyTexVest\DiscoPolyTexVest\DiscoPolyVestSrc.cpp(344,55): warning C4305: '=': truncation from 'double' to 'float'
C:\Users\TD\source\repos\DiscoPolyTexVest\DiscoPolyTexVest\DiscoPolyVestSrc.cpp(345,56): warning C4305: '=': truncation from 'double' to 'float'
C:\Users\TD\source\repos\DiscoPolyTexVest\DiscoPolyTexVest\DiscoPolyVestSrc.cpp(347,45): warning C4305: '=': truncation from 'double' to 'float'
C:\Users\TD\source\repos\DiscoPolyTexVest\DiscoPolyTexVest\DiscoPolyVestSrc.cpp(352,55): warning C4305: '=': truncation from 'double' to 'float'
C:\Users\TD\source\repos\DiscoPolyTexVest\DiscoPolyTexVest\DiscoPolyVestSrc.cpp(353,54): warning C4305: '=': truncation from 'double' to 'float'
C:\Users\TD\source\repos\DiscoPolyTexVest\DiscoPolyTexVest\DiscoPolyVestSrc.cpp(354,55): warning C4305: '=': truncation from 'double' to 'float'
C:\Users\TD\source\repos\DiscoPolyTexVest\DiscoPolyTexVest\DiscoPolyVestSrc.cpp(355,56): warning C4305: '=': truncation from 'double' to 'float'
C:\Users\TD\source\repos\DiscoPolyTexVest\DiscoPolyTexVest\DiscoPolyVestSrc.cpp(357,45): warning C4305: '=': truncation from 'double' to 'float'
C:\Users\TD\source\repos\DiscoPolyTexVest\DiscoPolyTexVest\DiscoPolyVestSrc.cpp(362,53): warning C4305: '=': truncation from 'double' to 'float'
C:\Users\TD\source\repos\DiscoPolyTexVest\DiscoPolyTexVest\DiscoPolyVestSrc.cpp(363,55): warning C4305: '=': truncation from 'double' to 'float'
C:\Users\TD\source\repos\DiscoPolyTexVest\DiscoPolyTexVest\DiscoPolyVestSrc.cpp(364,56): warning C4305: '=': truncation from 'double' to 'float'
C:\Users\TD\source\repos\DiscoPolyTexVest\DiscoPolyTexVest\DiscoPolyVestSrc.cpp(365,54): warning C4305: '=': truncation from 'double' to 'float'
C:\Users\TD\source\repos\DiscoPolyTexVest\DiscoPolyTexVest\DiscoPolyVestSrc.cpp(367,45): warning C4305: '=': truncation from 'double' to 'float'
C:\Users\TD\source\repos\DiscoPolyTexVest\DiscoPolyTexVest\DiscoPolyVestSrc.cpp(444,39): warning C4305: 'argument': truncation from 'double' to 'GLfloat'
C:\Users\TD\source\repos\DiscoPolyTexVest\DiscoPolyTexVest\DiscoPolyVestSrc.cpp(483,28): warning C4305: 'argument': truncation from 'double' to 'GLfloat'
C:\Users\TD\source\repos\DiscoPolyTexVest\DiscoPolyTexVest\DiscoPolyVestSrc.cpp(563,19): warning C4305: '+=': truncation from 'double' to 'float'
C:\Users\TD\source\repos\DiscoPolyTexVest\DiscoPolyTexVest\DiscoPolyVestSrc.cpp(604,18): warning C4305: '+=': truncation from 'double' to 'float'
C:\Users\TD\source\repos\DiscoPolyTexVest\DiscoPolyTexVest\DiscoPolyVestSrc.cpp(617,18): warning C4305: '-=': truncation from 'double' to 'float'
  DiscoPolyTexVest.vcxproj -> C:\Users\TD\source\repos\DiscoPolyTexVest\Debug\DiscoPolyTexVest.exe
