  FinaleSource.cpp
C:\Users\TD\source\repos\OpenGL-Finale\OpenGL-Finale\FinaleSource.cpp(29,11): warning C4244: 'initializing': conversion from 'double' to 'int', possible loss of data
C:\Users\TD\source\repos\OpenGL-Finale\OpenGL-Finale\FinaleSource.cpp(69,54): warning C4554: '^': check operator precedence for possible error; use parentheses to clarify precedence
C:\Users\TD\source\repos\OpenGL-Finale\OpenGL-Finale\FinaleSource.cpp(177,36): warning C4305: 'argument': truncation from 'double' to 'GLclampf'
C:\Users\TD\source\repos\OpenGL-Finale\OpenGL-Finale\FinaleSource.cpp(189,21): warning C4305: '+=': truncation from 'double' to 'float'
C:\Users\TD\source\repos\OpenGL-Finale\OpenGL-Finale\FinaleSource.cpp(227,24): warning C4305: '=': truncation from 'double' to 'float'
C:\Users\TD\source\repos\OpenGL-Finale\OpenGL-Finale\FinaleSource.cpp(227,45): warning C4305: '=': truncation from 'double' to 'float'
C:\Users\TD\source\repos\OpenGL-Finale\OpenGL-Finale\FinaleSource.cpp(227,66): warning C4305: '=': truncation from 'double' to 'float'
C:\Users\TD\source\repos\OpenGL-Finale\OpenGL-Finale\FinaleSource.cpp(240,24): warning C4305: '=': truncation from 'double' to 'float'
C:\Users\TD\source\repos\OpenGL-Finale\OpenGL-Finale\FinaleSource.cpp(240,45): warning C4305: '=': truncation from 'double' to 'float'
C:\Users\TD\source\repos\OpenGL-Finale\OpenGL-Finale\FinaleSource.cpp(240,66): warning C4305: '=': truncation from 'double' to 'float'
C:\Users\TD\source\repos\OpenGL-Finale\OpenGL-Finale\FinaleSource.cpp(252,24): warning C4305: '=': truncation from 'double' to 'float'
C:\Users\TD\source\repos\OpenGL-Finale\OpenGL-Finale\FinaleSource.cpp(252,45): warning C4305: '=': truncation from 'double' to 'float'
C:\Users\TD\source\repos\OpenGL-Finale\OpenGL-Finale\FinaleSource.cpp(252,66): warning C4305: '=': truncation from 'double' to 'float'
C:\Users\TD\source\repos\OpenGL-Finale\OpenGL-Finale\FinaleSource.cpp(264,24): warning C4305: '=': truncation from 'double' to 'float'
C:\Users\TD\source\repos\OpenGL-Finale\OpenGL-Finale\FinaleSource.cpp(264,45): warning C4305: '=': truncation from 'double' to 'float'
C:\Users\TD\source\repos\OpenGL-Finale\OpenGL-Finale\FinaleSource.cpp(264,66): warning C4305: '=': truncation from 'double' to 'float'
C:\Users\TD\source\repos\OpenGL-Finale\OpenGL-Finale\FinaleSource.cpp(274,24): warning C4305: '=': truncation from 'double' to 'float'
C:\Users\TD\source\repos\OpenGL-Finale\OpenGL-Finale\FinaleSource.cpp(274,45): warning C4305: '=': truncation from 'double' to 'float'
C:\Users\TD\source\repos\OpenGL-Finale\OpenGL-Finale\FinaleSource.cpp(274,66): warning C4305: '=': truncation from 'double' to 'float'
C:\Users\TD\source\repos\OpenGL-Finale\OpenGL-Finale\FinaleSource.cpp(284,24): warning C4305: '=': truncation from 'double' to 'float'
C:\Users\TD\source\repos\OpenGL-Finale\OpenGL-Finale\FinaleSource.cpp(284,45): warning C4305: '=': truncation from 'double' to 'float'
C:\Users\TD\source\repos\OpenGL-Finale\OpenGL-Finale\FinaleSource.cpp(284,66): warning C4305: '=': truncation from 'double' to 'float'
C:\Users\TD\source\repos\OpenGL-Finale\OpenGL-Finale\FinaleSource.cpp(289,50): warning C4305: '=': truncation from 'double' to 'float'
C:\Users\TD\source\repos\OpenGL-Finale\OpenGL-Finale\FinaleSource.cpp(293,51): warning C4305: '=': truncation from 'double' to 'float'
C:\Users\TD\source\repos\OpenGL-Finale\OpenGL-Finale\FinaleSource.cpp(344,53): warning C4305: '=': truncation from 'double' to 'float'
C:\Users\TD\source\repos\OpenGL-Finale\OpenGL-Finale\FinaleSource.cpp(345,54): warning C4305: '=': truncation from 'double' to 'float'
C:\Users\TD\source\repos\OpenGL-Finale\OpenGL-Finale\FinaleSource.cpp(346,56): warning C4305: '=': truncation from 'double' to 'float'
C:\Users\TD\source\repos\OpenGL-Finale\OpenGL-Finale\FinaleSource.cpp(347,54): warning C4305: '=': truncation from 'double' to 'float'
C:\Users\TD\source\repos\OpenGL-Finale\OpenGL-Finale\FinaleSource.cpp(348,55): warning C4305: '=': truncation from 'double' to 'float'
C:\Users\TD\source\repos\OpenGL-Finale\OpenGL-Finale\FinaleSource.cpp(350,25): warning C4305: '=': truncation from 'double' to 'float'
C:\Users\TD\source\repos\OpenGL-Finale\OpenGL-Finale\FinaleSource.cpp(350,47): warning C4305: '=': truncation from 'double' to 'float'
C:\Users\TD\source\repos\OpenGL-Finale\OpenGL-Finale\FinaleSource.cpp(350,69): warning C4305: '=': truncation from 'double' to 'float'
C:\Users\TD\source\repos\OpenGL-Finale\OpenGL-Finale\FinaleSource.cpp(356,54): warning C4305: '=': truncation from 'double' to 'float'
C:\Users\TD\source\repos\OpenGL-Finale\OpenGL-Finale\FinaleSource.cpp(357,55): warning C4305: '=': truncation from 'double' to 'float'
C:\Users\TD\source\repos\OpenGL-Finale\OpenGL-Finale\FinaleSource.cpp(358,57): warning C4305: '=': truncation from 'double' to 'float'
C:\Users\TD\source\repos\OpenGL-Finale\OpenGL-Finale\FinaleSource.cpp(359,55): warning C4305: '=': truncation from 'double' to 'float'
C:\Users\TD\source\repos\OpenGL-Finale\OpenGL-Finale\FinaleSource.cpp(360,56): warning C4305: '=': truncation from 'double' to 'float'
C:\Users\TD\source\repos\OpenGL-Finale\OpenGL-Finale\FinaleSource.cpp(362,25): warning C4305: '=': truncation from 'double' to 'float'
C:\Users\TD\source\repos\OpenGL-Finale\OpenGL-Finale\FinaleSource.cpp(362,47): warning C4305: '=': truncation from 'double' to 'float'
C:\Users\TD\source\repos\OpenGL-Finale\OpenGL-Finale\FinaleSource.cpp(362,69): warning C4305: '=': truncation from 'double' to 'float'
C:\Users\TD\source\repos\OpenGL-Finale\OpenGL-Finale\FinaleSource.cpp(367,55): warning C4305: '=': truncation from 'double' to 'float'
C:\Users\TD\source\repos\OpenGL-Finale\OpenGL-Finale\FinaleSource.cpp(368,54): warning C4305: '=': truncation from 'double' to 'float'
C:\Users\TD\source\repos\OpenGL-Finale\OpenGL-Finale\FinaleSource.cpp(369,55): warning C4305: '=': truncation from 'double' to 'float'
C:\Users\TD\source\repos\OpenGL-Finale\OpenGL-Finale\FinaleSource.cpp(370,56): warning C4305: '=': truncation from 'double' to 'float'
C:\Users\TD\source\repos\OpenGL-Finale\OpenGL-Finale\FinaleSource.cpp(372,25): warning C4305: '=': truncation from 'double' to 'float'
C:\Users\TD\source\repos\OpenGL-Finale\OpenGL-Finale\FinaleSource.cpp(372,47): warning C4305: '=': truncation from 'double' to 'float'
C:\Users\TD\source\repos\OpenGL-Finale\OpenGL-Finale\FinaleSource.cpp(372,69): warning C4305: '=': truncation from 'double' to 'float'
C:\Users\TD\source\repos\OpenGL-Finale\OpenGL-Finale\FinaleSource.cpp(377,53): warning C4305: '=': truncation from 'double' to 'float'
C:\Users\TD\source\repos\OpenGL-Finale\OpenGL-Finale\FinaleSource.cpp(378,55): warning C4305: '=': truncation from 'double' to 'float'
C:\Users\TD\source\repos\OpenGL-Finale\OpenGL-Finale\FinaleSource.cpp(379,56): warning C4305: '=': truncation from 'double' to 'float'
C:\Users\TD\source\repos\OpenGL-Finale\OpenGL-Finale\FinaleSource.cpp(380,54): warning C4305: '=': truncation from 'double' to 'float'
C:\Users\TD\source\repos\OpenGL-Finale\OpenGL-Finale\FinaleSource.cpp(382,25): warning C4305: '=': truncation from 'double' to 'float'
C:\Users\TD\source\repos\OpenGL-Finale\OpenGL-Finale\FinaleSource.cpp(382,47): warning C4305: '=': truncation from 'double' to 'float'
C:\Users\TD\source\repos\OpenGL-Finale\OpenGL-Finale\FinaleSource.cpp(382,69): warning C4305: '=': truncation from 'double' to 'float'
C:\Users\TD\source\repos\OpenGL-Finale\OpenGL-Finale\FinaleSource.cpp(418,24): warning C4305: '=': truncation from 'double' to 'float'
C:\Users\TD\source\repos\OpenGL-Finale\OpenGL-Finale\FinaleSource.cpp(418,45): warning C4305: '=': truncation from 'double' to 'float'
C:\Users\TD\source\repos\OpenGL-Finale\OpenGL-Finale\FinaleSource.cpp(418,66): warning C4305: '=': truncation from 'double' to 'float'
C:\Users\TD\source\repos\OpenGL-Finale\OpenGL-Finale\FinaleSource.cpp(430,24): warning C4305: '=': truncation from 'double' to 'float'
C:\Users\TD\source\repos\OpenGL-Finale\OpenGL-Finale\FinaleSource.cpp(430,45): warning C4305: '=': truncation from 'double' to 'float'
C:\Users\TD\source\repos\OpenGL-Finale\OpenGL-Finale\FinaleSource.cpp(430,66): warning C4305: '=': truncation from 'double' to 'float'
C:\Users\TD\source\repos\OpenGL-Finale\OpenGL-Finale\FinaleSource.cpp(435,54): warning C4305: '=': truncation from 'double' to 'float'
C:\Users\TD\source\repos\OpenGL-Finale\OpenGL-Finale\FinaleSource.cpp(439,53): warning C4305: '=': truncation from 'double' to 'float'
C:\Users\TD\source\repos\OpenGL-Finale\OpenGL-Finale\FinaleSource.cpp(516,35): warning C4305: 'argument': truncation from 'double' to 'GLfloat'
C:\Users\TD\source\repos\OpenGL-Finale\OpenGL-Finale\FinaleSource.cpp(681,19): warning C4305: '+=': truncation from 'double' to 'float'
C:\Users\TD\source\repos\OpenGL-Finale\OpenGL-Finale\FinaleSource.cpp(683,21): warning C4305: '+=': truncation from 'double' to 'float'
C:\Users\TD\source\repos\OpenGL-Finale\OpenGL-Finale\FinaleSource.cpp(726,18): warning C4305: '+=': truncation from 'double' to 'float'
C:\Users\TD\source\repos\OpenGL-Finale\OpenGL-Finale\FinaleSource.cpp(740,18): warning C4305: '-=': truncation from 'double' to 'float'
C:\Users\TD\source\repos\OpenGL-Finale\OpenGL-Finale\FinaleSource.cpp(767,9): warning C4101: 'counter': unreferenced local variable
  OpenGL-Finale.vcxproj -> C:\Users\TD\source\repos\OpenGL-Finale\Debug\OpenGL-Finale.exe
